Handling lib "shadow"...
Handling lib "ota-http-client"...
Handling lib "ca-bunSuccess, built temp_humidity/esp8266 version 1.0 (20181114-180951).
Firmware saved to build\fw.zip
By the way, there is a newer version available: "2.7.1" (you use "2.6.0"). Run "mos update" to upgrade.
c-service-config"...
Handling lib "ota-shadow"...
Handling lib "dht"...
Handling lib "ota-http-server"...
Handling lib "http-server"...
Handling lib "core"...
shadow: Checking out 2.6.0...
ota-http-client: Checking out 2.6.0...
ota-shadow: Checking out 2.6.0...
sntp: Checking out 2.6.0...
boards: Checking out 2.6.0...
dash: Checking out 2.6.0...
rpc-service-config: Checking out 2.6.0...
wifi: Checking out 2.6.0...
rpc-service-fs: Checking out 2.6.0...
aws: Checking out 2.6.0...
ca-bundle: Checking out 2.6.0...
dht: Checking out 2.6.0...
core: Checking out 2.6.0...
http-server: Checking out 2.6.0...
ota-http-server: Checking out 2.6.0...
rpc-uart: Checking out 2.6.0...
ota-shadow: Done, hash 64dedb0f14157858d6f7f11b7fa91994dc719373
core: Done, hash f3c4b2b68367300d05cdbf3348793f5be621b37d
aws: Done, hash 9e7eb2e1e653166abdbeee0b6a2a4838c1d34af0
rpc-service-config: Done, hash 40c15f0cea28bc77b1ab7ce946a18720d7165030
ota-http-server: Done, hash 62d85e35ed285f55b0df3574c7c6a26c3408edd9
dht: Done, hash c5079863203c172fc5b6420c2c2557d4df9d2342
wifi: Done, hash 2b0c08e0cc0bcc64519004d09a8b501529394156
ca-bundle: Done, hash 125bff6448aef7999d401ee6202962b72b489f46
boards: Done, hash 330b5a11c850d11281257159b26aabad93844a63
http-server: Done, hash 4803a1ba392c7caa984ce620f428bff598bc94b0
dash: Done, hash b71cca42ae110bcb9978aaec01d2afedd37a2ede
shadow: Done, hash 3c21f7bfd2f5e2cbaa8e3f4621ff3f964e669b64
rpc-service-fs: Done, hash 424e462ffd50d841b9eea70209db8e85465e2e23
ota-http-client: Done, hash c45f0a82f0e31379fb2ff987f91e536ecccb7e6a
sntp: Done, hash 02de2fffb1bb29df1b13d89e0841bbf4f39838ad
aws: Hash unchanged at 9e7eb2e1e653166abdbeee0b6a2a4838c1d34af0 (dir "/fwbuild-volumes/2.6.0/apps/temp_humidity/esp8266/build_contexts/build_ctx_273210690/libs/aws")
aws: Prepared local dir: "/fwbuild-volumes/2.6.0/apps/temp_humidity/esp8266/build_contexts/build_ctx_273210690/libs/aws"
dash: Hash unchanged at b71cca42ae110bcb9978aaec01d2afedd37a2ede (dir "/fwbuild-volumes/2.6.0/apps/temp_humidity/esp8266/build_contexts/build_ctx_273210690/libs/dash")
dash: Prepared local dir: "/fwbuild-volumes/2.6.0/apps/temp_humidity/esp8266/build_contexts/build_ctx_273210690/libs/dash"
zz_boards: Hash unchanged at 330b5a11c850d11281257159b26aabad93844a63 (dir "/fwbuild-volumes/2.6.0/apps/temp_humidity/esp8266/build_contexts/build_ctx_273210690/libs/boards")
zz_boards: Prepared local dir: "/fwbuild-volumes/2.6.0/apps/temp_humidity/esp8266/build_contexts/build_ctx_273210690/libs/boards"
Handling lib "mqtt"...
ota-http-client: Hash unchanged at c45f0a82f0e31379fb2ff987f91e536ecccb7e6a (dir "/fwbuild-volumes/2.6.0/apps/temp_humidity/esp8266/build_contexts/build_ctx_273210690/libs/ota-http-client")
ota-http-client: Prepared local dir: "/fwbuild-volumes/2.6.0/apps/temp_humidity/esp8266/build_contexts/build_ctx_273210690/libs/ota-http-client"
Handling lib "rpc-common"...
http-server: Hash unchanged at 4803a1ba392c7caa984ce620f428bff598bc94b0 (dir "/fwbuild-volumes/2.6.0/apps/temp_humidity/esp8266/build_contexts/build_ctx_273210690/libs/http-server")
http-server: Prepared local dir: "/fwbuild-volumes/2.6.0/apps/temp_humidity/esp8266/build_contexts/build_ctx_273210690/libs/http-server"
ota-shadow: Hash unchanged at 64dedb0f14157858d6f7f11b7fa91994dc719373 (dir "/fwbuild-volumes/2.6.0/apps/temp_humidity/esp8266/build_contexts/build_ctx_273210690/libs/ota-shadow")
ota-shadow: Prepared local dir: "/fwbuild-volumes/2.6.0/apps/temp_humidity/esp8266/build_contexts/build_ctx_273210690/libs/ota-shadow"
Handling lib "ota-common"...
core: Hash unchanged at f3c4b2b68367300d05cdbf3348793f5be621b37d (dir "/fwbuild-volumes/2.6.0/apps/temp_humidity/esp8266/build_contexts/build_ctx_273210690/libs/core")
core: Prepared local dir: "/fwbuild-volumes/2.6.0/apps/temp_humidity/esp8266/build_contexts/build_ctx_273210690/libs/core"
rpc-service-config: Hash unchanged at 40c15f0cea28bc77b1ab7ce946a18720d7165030 (dir "/fwbuild-volumes/2.6.0/apps/temp_humidity/esp8266/build_contexts/build_ctx_273210690/libs/rpc-service-config")
rpc-service-config: Prepared local dir: "/fwbuild-volumes/2.6.0/apps/temp_humidity/esp8266/build_contexts/build_ctx_273210690/libs/rpc-service-config"
ota-http-server: Hash unchanged at 62d85e35ed285f55b0df3574c7c6a26c3408edd9 (dir "/fwbuild-volumes/2.6.0/apps/temp_humidity/esp8266/build_contexts/build_ctx_273210690/libs/ota-http-server")
ota-http-server: Prepared local dir: "/fwbuild-volumes/2.6.0/apps/temp_humidity/esp8266/build_contexts/build_ctx_273210690/libs/ota-http-server"
dht: Hash unchanged at c5079863203c172fc5b6420c2c2557d4df9d2342 (dir "/fwbuild-volumes/2.6.0/apps/temp_humidity/esp8266/build_contexts/build_ctx_273210690/libs/dht")
dht: Prepared local dir: "/fwbuild-volumes/2.6.0/apps/temp_humidity/esp8266/build_contexts/build_ctx_273210690/libs/dht"
wifi: Hash unchanged at 2b0c08e0cc0bcc64519004d09a8b501529394156 (dir "/fwbuild-volumes/2.6.0/apps/temp_humidity/esp8266/build_contexts/build_ctx_273210690/libs/wifi")
wifi: Prepared local dir: "/fwbuild-volumes/2.6.0/apps/temp_humidity/esp8266/build_contexts/build_ctx_273210690/libs/wifi"
ca-bundle: Hash unchanged at 125bff6448aef7999d401ee6202962b72b489f46 (dir "/fwbuild-volumes/2.6.0/apps/temp_humidity/esp8266/build_contexts/build_ctx_273210690/libs/ca-bundle")
ca-bundle: Prepared local dir: "/fwbuild-volumes/2.6.0/apps/temp_humidity/esp8266/build_contexts/build_ctx_273210690/libs/ca-bundle"
Handling lib "mongoose"...
Handling lib "vfs-fs-spiffs"...
Handling lib "vfs-dev-part"...
shadow: Hash unchanged at 3c21f7bfd2f5e2cbaa8e3f4621ff3f964e669b64 (dir "/fwbuild-volumes/2.6.0/apps/temp_humidity/esp8266/build_contexts/build_ctx_273210690/libs/shadow")
shadow: Prepared local dir: "/fwbuild-volumes/2.6.0/apps/temp_humidity/esp8266/build_contexts/build_ctx_273210690/libs/shadow"
sntp: Hash unchanged at 02de2fffb1bb29df1b13d89e0841bbf4f39838ad (dir "/fwbuild-volumes/2.6.0/apps/temp_humidity/esp8266/build_contexts/build_ctx_273210690/libs/sntp")
rpc-service-fs: Hash unchanged at 424e462ffd50d841b9eea70209db8e85465e2e23 (dir "/fwbuild-volumes/2.6.0/apps/temp_humidity/esp8266/build_contexts/build_ctx_273210690/libs/rpc-service-fs")
sntp: Prepared local dir: "/fwbuild-volumes/2.6.0/apps/temp_humidity/esp8266/build_contexts/build_ctx_273210690/libs/sntp"
rpc-service-fs: Prepared local dir: "/fwbuild-volumes/2.6.0/apps/temp_humidity/esp8266/build_contexts/build_ctx_273210690/libs/rpc-service-fs"
rpc-uart: Done, hash 7f5e9a3cd30408c001eb12ed86ca144d73481187
rpc-uart: Hash unchanged at 7f5e9a3cd30408c001eb12ed86ca144d73481187 (dir "/fwbuild-volumes/2.6.0/apps/temp_humidity/esp8266/build_contexts/build_ctx_273210690/libs/rpc-uart")
rpc-uart: Prepared local dir: "/fwbuild-volumes/2.6.0/apps/temp_humidity/esp8266/build_contexts/build_ctx_273210690/libs/rpc-uart"
mqtt: Checking out 2.6.0...
mongoose: Checking out 2.6.0...
vfs-dev-part: Checking out 2.6.0...
vfs-fs-spiffs: Checking out 2.6.0...
ota-common: Checking out 2.6.0...
rpc-common: Checking out 2.6.0...
mqtt: Done, hash f4f231c42317340f5955f79f972625c37c92e3d2
mongoose: Done, hash 55f8b6f99c5f25e509d09c966bf9edc916d98add
vfs-dev-part: Done, hash 5a7aadd66bfcee7c4391120fc6636f20272bda0a
mqtt: Hash unchanged at f4f231c42317340f5955f79f972625c37c92e3d2 (dir "/fwbuild-volumes/2.6.0/apps/temp_humidity/esp8266/build_contexts/build_ctx_273210690/libs/mqtt")
mqtt: Prepared local dir: "/fwbuild-volumes/2.6.0/apps/temp_humidity/esp8266/build_contexts/build_ctx_273210690/libs/mqtt"
ota-common: Done, hash aabbf8dc4f6fd4670ccd423bc0dd90a3f6e061d5
mongoose: Hash unchanged at 55f8b6f99c5f25e509d09c966bf9edc916d98add (dir "/fwbuild-volumes/2.6.0/apps/temp_humidity/esp8266/build_contexts/build_ctx_273210690/libs/mongoose")
mongoose: Prepared local dir: "/fwbuild-volumes/2.6.0/apps/temp_humidity/esp8266/build_contexts/build_ctx_273210690/libs/mongoose"
vfs-dev-part: Hash unchanged at 5a7aadd66bfcee7c4391120fc6636f20272bda0a (dir "/fwbuild-volumes/2.6.0/apps/temp_humidity/esp8266/build_contexts/build_ctx_273210690/libs/vfs-dev-part")
vfs-dev-part: Prepared local dir: "/fwbuild-volumes/2.6.0/apps/temp_humidity/esp8266/build_contexts/build_ctx_273210690/libs/vfs-dev-part"
Handling lib "mbedtls"...
Handling lib "vfs-common"...
ota-common: Hash unchanged at aabbf8dc4f6fd4670ccd423bc0dd90a3f6e061d5 (dir "/fwbuild-volumes/2.6.0/apps/temp_humidity/esp8266/build_contexts/build_ctx_273210690/libs/ota-common")
ota-common: Prepared local dir: "/fwbuild-volumes/2.6.0/apps/temp_humidity/esp8266/build_contexts/build_ctx_273210690/libs/ota-common"
rpc-common: Done, hash bae7658dd155094d5f3d1f6a91522febe7cfc988
rpc-common: Hash unchanged at bae7658dd155094d5f3d1f6a91522febe7cfc988 (dir "/fwbuild-volumes/2.6.0/apps/temp_humidity/esp8266/build_contexts/build_ctx_273210690/libs/rpc-common")
rpc-common: Prepared local dir: "/fwbuild-volumes/2.6.0/apps/temp_humidity/esp8266/build_contexts/build_ctx_273210690/libs/rpc-common"
vfs-fs-spiffs: Done, hash 860d312f7b5a04ee2ab450712b0c33ff9366b523
vfs-fs-spiffs: Hash unchanged at 860d312f7b5a04ee2ab450712b0c33ff9366b523 (dir "/fwbuild-volumes/2.6.0/apps/temp_humidity/esp8266/build_contexts/build_ctx_273210690/libs/vfs-fs-spiffs")
vfs-fs-spiffs: Prepared local dir: "/fwbuild-volumes/2.6.0/apps/temp_humidity/esp8266/build_contexts/build_ctx_273210690/libs/vfs-fs-spiffs"
vfs-common: Checking out 2.6.0...
mbedtls: Checking out 2.6.0...
vfs-common: Done, hash 07a12aaf6d193643f9f0b2411b4bdfb972d95dbe
vfs-common: Hash unchanged at 07a12aaf6d193643f9f0b2411b4bdfb972d95dbe (dir "/fwbuild-volumes/2.6.0/apps/temp_humidity/esp8266/build_contexts/build_ctx_273210690/libs/vfs-common")
vfs-common: Prepared local dir: "/fwbuild-volumes/2.6.0/apps/temp_humidity/esp8266/build_contexts/build_ctx_273210690/libs/vfs-common"
mbedtls: Done, hash ff6ad88bea13854e655e83c5a30d99157299ddb0
mbedtls: Hash unchanged at ff6ad88bea13854e655e83c5a30d99157299ddb0 (dir "/fwbuild-volumes/2.6.0/apps/temp_humidity/esp8266/build_contexts/build_ctx_273210690/libs/mbedtls")
mbedtls: Prepared local dir: "/fwbuild-volumes/2.6.0/apps/temp_humidity/esp8266/build_contexts/build_ctx_273210690/libs/mbedtls"
Handling lib "atca"...
atca: Checking out 2.6.0...
atca: Done, hash df2bbaf0d1279ab104459bbadf1477daf4b39e08
atca: Hash unchanged at df2bbaf0d1279ab104459bbadf1477daf4b39e08 (dir "/fwbuild-volumes/2.6.0/apps/temp_humidity/esp8266/build_contexts/build_ctx_273210690/libs/atca")
atca: Prepared local dir: "/fwbuild-volumes/2.6.0/apps/temp_humidity/esp8266/build_contexts/build_ctx_273210690/libs/atca"
Handling lib "i2c"...
i2c: Checking out 2.6.0...
i2c: Done, hash 825d359dc969ac28821222ec9b98be3504d8ba0c
i2c: Hash unchanged at 825d359dc969ac28821222ec9b98be3504d8ba0c (dir "/fwbuild-volumes/2.6.0/apps/temp_humidity/esp8266/build_contexts/build_ctx_273210690/libs/i2c")
i2c: Prepared local dir: "/fwbuild-volumes/2.6.0/apps/temp_humidity/esp8266/build_contexts/build_ctx_273210690/libs/i2c"
The flag --repo is not given, going to use mongoose-os repository
mongoose-os: Checking out 2.6.0...
mongoose-os: Done, hash 28a7a5292bb3ad5dc6dd144b3b9bd440bdb54494
Prebuilt binary for "mbedtls" already exists at "/fwbuild-volumes/2.6.0/apps/temp_humidity/esp8266/build_contexts/build_ctx_273210690/libs/mbedtls/lib/esp8266/libmbedtls.a"
Prebuilt binary for "mongoose" already exists at "/fwbuild-volumes/2.6.0/apps/temp_humidity/esp8266/build_contexts/build_ctx_273210690/libs/mongoose/lib/esp8266/libmongoose.a"
Prebuilt binary for "ota-http-client" already exists at "/fwbuild-volumes/2.6.0/apps/temp_humidity/esp8266/build_contexts/build_ctx_273210690/libs/ota-http-client/lib/esp8266/libota-http-client.a"
Prebuilt binary for "ota-shadow" already exists at "/fwbuild-volumes/2.6.0/apps/temp_humidity/esp8266/build_contexts/build_ctx_273210690/libs/ota-shadow/lib/esp8266/libota-shadow.a"
Prebuilt binary for "dash" already exists at "/fwbuild-volumes/2.6.0/apps/temp_humidity/esp8266/build_contexts/build_ctx_273210690/libs/dash/lib/esp8266/libdash.a"
Prebuilt binary for "ota-http-server" already exists at "/fwbuild-volumes/2.6.0/apps/temp_humidity/esp8266/build_contexts/build_ctx_273210690/libs/ota-http-server/lib/esp8266/libota-http-server.a"
Sources: [/fwbuild-volumes/2.6.0/apps/temp_humidity/esp8266/build_contexts/build_ctx_273210690/src/main.c /fwbuild-volumes/2.6.0/apps/temp_humidity/esp8266/build_contexts/build_ctx_273210690/build/gen/mgos_deps_init.c /fwbuild-volumes/2.6.0/apps/temp_humidity/esp8266/build_contexts/build_ctx_273210690/libs/i2c/src/mgos_i2c.c /fwbuild-volumes/2.6.0/apps/temp_humidity/esp8266/build_contexts/build_ctx_273210690/libs/i2c/src/common_gpio/mgos_i2c_gpio.c /fwbuild-volumes/2.6.0/apps/temp_humidity/esp8266/build_contexts/build_ctx_273210690/libs/atca/src/mgos_atca.c /fwbuild-volumes/2.6.0/apps/temp_humidity/esp8266/build_contexts/build_ctx_273210690/libs/atca/cryptoauthlib/lib/atca_cfgs.c /fwbuild-volumes/2.6.0/apps/temp_humidity/esp8266/build_contexts/build_ctx_273210690/libs/atca/cryptoauthlib/lib/atca_command.c /fwbuild-volumes/2.6.0/apps/temp_humidity/esp8266/build_contexts/build_ctx_273210690/libs/atca/cryptoauthlib/lib/atca_device.c /fwbuild-volumes/2.6.0/apps/temp_humidity/esp8266/build_contexts/build_ctx_273210690/libs/atca/cryptoauthlib/lib/atca_iface.c /fwbuild-volumes/2.6.0/apps/temp_humidity/esp8266/build_contexts/build_ctx_273210690/libs/atca/cryptoauthlib/lib/basic/atca_basic.c /fwbuild-volumes/2.6.0/apps/temp_humidity/esp8266/build_contexts/build_ctx_273210690/libs/atca/cryptoauthlib/lib/basic/atca_helpers.c /fwbuild-volumes/2.6.0/apps/temp_humidity/esp8266/build_contexts/build_ctx_273210690/libs/atca/cryptoauthlib/lib/host/atca_host.c /fwbuild-volumes/2.6.0/apps/temp_humidity/esp8266/build_contexts/build_ctx_273210690/libs/vfs-common/src/mgos_vfs.c /fwbuild-volumes/2.6.0/apps/temp_humidity/esp8266/build_contexts/build_ctx_273210690/libs/vfs-common/src/mgos_vfs_dev.c /fwbuild-volumes/2.6.0/apps/temp_humidity/esp8266/build_contexts/build_ctx_273210690/libs/vfs-common/src/esp8266/esp_flash_writer.c /fwbuild-volumes/2.6.0/apps/temp_humidity/esp8266/build_contexts/build_ctx_273210690/libs/vfs-common/src/esp8266/esp_fs.c /fwbuild-volumes/2.6.0/apps/temp_humidity/esp8266/build_contexts/build_ctx_273210690/libs/vfs-common/src/esp8266/esp_vfs_dev_sysflash.c /fwbuild-volumes/2.6.0/apps/temp_humidity/esp8266/build_contexts/build_ctx_273210690/libs/vfs-dev-part/src/mgos_vfs_dev_part.c /fwbuild-volumes/2.6.0/apps/temp_humidity/esp8266/build_contexts/build_ctx_273210690/libs/vfs-fs-spiffs/src/mgos_vfs_fs_spiffs.c /fwbuild-volumes/2.6.0/apps/temp_humidity/esp8266/build_contexts/build_ctx_273210690/libs/vfs-fs-spiffs/src/spiffs/spiffs_cache.c /fwbuild-volumes/2.6.0/apps/temp_humidity/esp8266/build_contexts/build_ctx_273210690/libs/vfs-fs-spiffs/src/spiffs/spiffs_check.c /fwbuild-volumes/2.6.0/apps/temp_humidity/esp8266/build_contexts/build_ctx_273210690/libs/vfs-fs-spiffs/src/spiffs/spiffs_gc.c /fwbuild-volumes/2.6.0/apps/temp_humidity/esp8266/build_contexts/build_ctx_273210690/libs/vfs-fs-spiffs/src/spiffs/spiffs_hydrogen.c /fwbuild-volumes/2.6.0/apps/temp_humidity/esp8266/build_contexts/build_ctx_273210690/libs/vfs-fs-spiffs/src/spiffs/spiffs_nucleus.c /fwbuild-volumes/2.6.0/apps/temp_humidity/esp8266/build_contexts/build_ctx_273210690/libs/core/src/mgos_core.c /fwbuild-volumes/2.6.0/apps/temp_humidity/esp8266/build_contexts/build_ctx_273210690/libs/core/src/esp8266/esp_rboot.c /fwbuild-volumes/2.6.0/apps/temp_humidity/esp8266/build_contexts/build_ctx_273210690/libs/mqtt/src/mgos_mqtt.c /fwbuild-volumes/2.6.0/apps/temp_humidity/esp8266/build_contexts/build_ctx_273210690/libs/shadow/src/mgos_shadow.c /fwbuild-volumes/2.6.0/apps/temp_humidity/esp8266/build_contexts/build_ctx_273210690/libs/aws/src/mgos_aws.c /fwbuild-volumes/2.6.0/apps/temp_humidity/esp8266/build_contexts/build_ctx_273210690/libs/aws/src/mgos_aws_greengrass.c /fwbuild-volumes/2.6.0/apps/temp_humidity/esp8266/build_contexts/build_ctx_273210690/libs/aws/src/mgos_aws_shadow.c /fwbuild-volumes/2.6.0/apps/temp_humidity/esp8266/build_contexts/build_ctx_273210690/libs/ota-common/src/mgos_updater_common.c /fwbuild-volumes/2.6.0/apps/temp_humidity/esp8266/build_contexts/build_ctx_273210690/libs/ota-common/src/esp8266/esp_updater.c /fwbuild-volumes/2.6.0/apps/temp_humidity/esp8266/build_contexts/build_ctx_273210690/libs/rpc-common/src/mg_rpc/mg_rpc.c /fwbuild-volumes/2.6.0/apps/temp_humidity/esp8266/build_contexts/build_ctx_273210690/libs/rpc-common/src/mg_rpc/mg_rpc_channel.c /fwbuild-volumes/2.6.0/apps/temp_humidity/esp8266/build_contexts/build_ctx_273210690/libs/rpc-common/src/mg_rpc/mg_rpc_channel_http.c /fwbuild-volumes/2.6.0/apps/temp_humidity/esp8266/build_contexts/build_ctx_273210690/libs/rpc-common/src/mg_rpc/mg_rpc_channel_ws.c /fwbuild-volumes/2.6.0/apps/temp_humidity/esp8266/build_contexts/build_ctx_273210690/libs/rpc-common/src/mgos_rpc.c /fwbuild-volumes/2.6.0/apps/temp_humidity/esp8266/build_contexts/build_ctx_273210690/libs/dht/src/mgos_dht.c /fwbuild-volumes/2.6.0/apps/temp_humidity/esp8266/build_contexts/build_ctx_273210690/libs/http-server/src/mgos_http_server.c /fwbuild-volumes/2.6.0/apps/temp_humidity/esp8266/build_contexts/build_ctx_273210690/libs/rpc-service-config/src/mgos_service_config.c /fwbuild-volumes/2.6.0/apps/temp_humidity/esp8266/build_contexts/build_ctx_273210690/libs/rpc-service-fs/src/mgos_service_filesystem.c /fwbuild-volumes/2.6.0/apps/temp_humidity/esp8266/build_contexts/build_ctx_273210690/libs/rpc-uart/src/mgos_rpc_channel_uart.c /fwbuild-volumes/2.6.0/apps/temp_humidity/esp8266/build_contexts/build_ctx_273210690/libs/sntp/src/mgos_sntp.c /fwbuild-volumes/2.6.0/apps/temp_humidity/esp8266/build_contexts/build_ctx_273210690/libs/wifi/src/mgos_wifi.c /fwbuild-volumes/2.6.0/apps/temp_humidity/esp8266/build_contexts/build_ctx_273210690/libs/wifi/src/mjs_wifi.c /fwbuild-volumes/2.6.0/apps/temp_humidity/esp8266/build_contexts/build_ctx_273210690/libs/wifi/esp8266/src/esp_wifi.c]
Include dirs: [/fwbuild-volumes/2.6.0/apps/temp_humidity/esp8266/build_contexts/build_ctx_273210690/libs/i2c/include /fwbuild-volumes/2.6.0/apps/temp_humidity/esp8266/build_contexts/build_ctx_273210690/libs/atca/include /fwbuild-volumes/2.6.0/apps/temp_humidity/esp8266/build_contexts/build_ctx_273210690/libs/atca/cryptoauthlib/lib /fwbuild-volumes/2.6.0/apps/temp_humidity/esp8266/build_contexts/build_ctx_273210690/libs/mbedtls/include /fwbuild-volumes/2.6.0/apps/temp_humidity/esp8266/build_contexts/build_ctx_273210690/libs/mbedtls/include/esp8266 /fwbuild-volumes/2.6.0/apps/temp_humidity/esp8266/build_contexts/build_ctx_273210690/libs/mbedtls/mbedtls/include /fwbuild-volumes/2.6.0/apps/temp_humidity/esp8266/build_contexts/build_ctx_273210690/libs/vfs-common/include /fwbuild-volumes/2.6.0/apps/temp_humidity/esp8266/build_contexts/build_ctx_273210690/libs/vfs-common/include/esp8266 /fwbuild-volumes/2.6.0/apps/temp_humidity/esp8266/build_contexts/build_ctx_273210690/libs/mongoose/include /fwbuild-volumes/2.6.0/apps/temp_humidity/esp8266/build_contexts/build_ctx_273210690/libs/vfs-dev-part/include /fwbuild-volumes/2.6.0/apps/temp_humidity/esp8266/build_contexts/build_ctx_273210690/libs/vfs-fs-spiffs/include /fwbuild-volumes/2.6.0/apps/temp_humidity/esp8266/build_contexts/build_ctx_273210690/libs/vfs-fs-spiffs/include/spiffs /fwbuild-volumes/2.6.0/apps/temp_humidity/esp8266/build_contexts/build_ctx_273210690/libs/vfs-fs-spiffs/include/esp8266 /fwbuild-volumes/2.6.0/apps/temp_humidity/esp8266/build_contexts/build_ctx_273210690/libs/core/include /fwbuild-volumes/2.6.0/apps/temp_humidity/esp8266/build_contexts/build_ctx_273210690/libs/core/include/esp8266 /fwbuild-volumes/2.6.0/apps/temp_humidity/esp8266/build_contexts/build_ctx_273210690/libs/mqtt/include /fwbuild-volumes/2.6.0/apps/temp_humidity/esp8266/build_contexts/build_ctx_273210690/libs/shadow/include /fwbuild-volumes/2.6.0/apps/temp_humidity/esp8266/build_contexts/build_ctx_273210690/libs/aws/include /fwbuild-volumes/2.6.0/apps/temp_humidity/esp8266/build_contexts/build_ctx_273210690/libs/ota-common/include /fwbuild-volumes/2.6.0/apps/temp_humidity/esp8266/build_contexts/build_ctx_273210690/libs/ota-http-client/include /fwbuild-volumes/2.6.0/apps/temp_humidity/esp8266/build_contexts/build_ctx_273210690/libs/rpc-common/include/mg_rpc /fwbuild-volumes/2.6.0/apps/temp_humidity/esp8266/build_contexts/build_ctx_273210690/libs/rpc-common/include /fwbuild-volumes/2.6.0/apps/temp_humidity/esp8266/build_contexts/build_ctx_273210690/libs/dash/include /fwbuild-volumes/2.6.0/apps/temp_humidity/esp8266/build_contexts/build_ctx_273210690/libs/dht/include /fwbuild-volumes/2.6.0/apps/temp_humidity/esp8266/build_contexts/build_ctx_273210690/libs/http-server/include /fwbuild-volumes/2.6.0/apps/temp_humidity/esp8266/build_contexts/build_ctx_273210690/libs/rpc-service-config/include /fwbuild-volumes/2.6.0/apps/temp_humidity/esp8266/build_contexts/build_ctx_273210690/libs/rpc-service-fs/include /fwbuild-volumes/2.6.0/apps/temp_humidity/esp8266/build_contexts/build_ctx_273210690/libs/rpc-uart/include /fwbuild-volumes/2.6.0/apps/temp_humidity/esp8266/build_contexts/build_ctx_273210690/libs/wifi/include]
Binary libs: [/fwbuild-volumes/2.6.0/apps/temp_humidity/esp8266/build_contexts/build_ctx_273210690/libs/mbedtls/lib/esp8266/libmbedtls.a /fwbuild-volumes/2.6.0/apps/temp_humidity/esp8266/build_contexts/build_ctx_273210690/libs/mongoose/lib/esp8266/libmongoose.a /fwbuild-volumes/2.6.0/apps/temp_humidity/esp8266/build_contexts/build_ctx_273210690/libs/ota-http-client/lib/esp8266/libota-http-client.a /fwbuild-volumes/2.6.0/apps/temp_humidity/esp8266/build_contexts/build_ctx_273210690/libs/ota-shadow/lib/esp8266/libota-shadow.a /fwbuild-volumes/2.6.0/apps/temp_humidity/esp8266/build_contexts/build_ctx_273210690/libs/dash/lib/esp8266/libdash.a /fwbuild-volumes/2.6.0/apps/temp_humidity/esp8266/build_contexts/build_ctx_273210690/libs/ota-http-server/lib/esp8266/libota-http-server.a]
Building...
mount from "/fwbuild-volumes/2.6.0/apps/temp_humidity/esp8266/build_contexts/build_ctx_273210690" to "/app"
mount from "/fwbuild-volumes/2.6.0/apps/temp_humidity/esp8266/build_contexts/build_ctx_273210690/modules/mongoose-os" to "/mongoose-os"
mount from "/fwbuild-volumes/2.6.0/apps/temp_humidity/esp8266/build_contexts/build_ctx_273210690/modules/mongoose-os" to "/fwbuild-volumes/2.6.0/apps/temp_humidity/esp8266/build_contexts/build_ctx_273210690/modules/mongoose-os"
mount from "/fwbuild-volumes/2.6.0/apps/temp_humidity/esp8266/build_contexts/build_ctx_273210690/build" to "/fwbuild-volumes/2.6.0/apps/temp_humidity/esp8266/build_contexts/build_ctx_273210690/build"
mount from "/fwbuild-volumes/2.6.0/apps/temp_humidity/esp8266/build_contexts/build_ctx_273210690/src" to "/fwbuild-volumes/2.6.0/apps/temp_humidity/esp8266/build_contexts/build_ctx_273210690/src"
mount from "/fwbuild-volumes/2.6.0/apps/temp_humidity/esp8266/build_contexts/build_ctx_273210690/build/gen" to "/fwbuild-volumes/2.6.0/apps/temp_humidity/esp8266/build_contexts/build_ctx_273210690/build/gen"
mount from "/fwbuild-volumes/2.6.0/apps/temp_humidity/esp8266/build_contexts/build_ctx_273210690/libs/i2c/src" to "/fwbuild-volumes/2.6.0/apps/temp_humidity/esp8266/build_contexts/build_ctx_273210690/libs/i2c/src"
mount from "/fwbuild-volumes/2.6.0/apps/temp_humidity/esp8266/build_contexts/build_ctx_273210690/libs/i2c/src/common_gpio" to "/fwbuild-volumes/2.6.0/apps/temp_humidity/esp8266/build_contexts/build_ctx_273210690/libs/i2c/src/common_gpio"
mount from "/fwbuild-volumes/2.6.0/apps/temp_humidity/esp8266/build_contexts/build_ctx_273210690/libs/atca/src" to "/fwbuild-volumes/2.6.0/apps/temp_humidity/esp8266/build_contexts/build_ctx_273210690/libs/atca/src"
mount from "/fwbuild-volumes/2.6.0/apps/temp_humidity/esp8266/build_contexts/build_ctx_273210690/libs/atca/cryptoauthlib/lib" to "/fwbuild-volumes/2.6.0/apps/temp_humidity/esp8266/build_contexts/build_ctx_273210690/libs/atca/cryptoauthlib/lib"
mount from "/fwbuild-volumes/2.6.0/apps/temp_humidity/esp8266/build_contexts/build_ctx_273210690/libs/atca/cryptoauthlib/lib/basic" to "/fwbuild-volumes/2.6.0/apps/temp_humidity/esp8266/build_contexts/build_ctx_273210690/libs/atca/cryptoauthlib/lib/basic"
mount from "/fwbuild-volumes/2.6.0/apps/temp_humidity/esp8266/build_contexts/build_ctx_273210690/libs/atca/cryptoauthlib/lib/crypto" to "/fwbuild-volumes/2.6.0/apps/temp_humidity/esp8266/build_contexts/build_ctx_273210690/libs/atca/cryptoauthlib/lib/crypto"
mount from "/fwbuild-volumes/2.6.0/apps/temp_humidity/esp8266/build_contexts/build_ctx_273210690/libs/atca/cryptoauthlib/lib/hal" to "/fwbuild-volumes/2.6.0/apps/temp_humidity/esp8266/build_contexts/build_ctx_273210690/libs/atca/cryptoauthlib/lib/hal"
mount from "/fwbuild-volumes/2.6.0/apps/temp_humidity/esp8266/build_contexts/build_ctx_273210690/libs/atca/cryptoauthlib/lib/host" to "/fwbuild-volumes/2.6.0/apps/temp_humidity/esp8266/build_contexts/build_ctx_273210690/libs/atca/cryptoauthlib/lib/host"
mount from "/fwbuild-volumes/2.6.0/apps/temp_humidity/esp8266/build_contexts/build_ctx_273210690/libs/vfs-common/src" to "/fwbuild-volumes/2.6.0/apps/temp_humidity/esp8266/build_contexts/build_ctx_273210690/libs/vfs-common/src"
mount from "/fwbuild-volumes/2.6.0/apps/temp_humidity/esp8266/build_contexts/build_ctx_273210690/libs/vfs-common/src/esp8266" to "/fwbuild-volumes/2.6.0/apps/temp_humidity/esp8266/build_contexts/build_ctx_273210690/libs/vfs-common/src/esp8266"
mount from "/fwbuild-volumes/2.6.0/apps/temp_humidity/esp8266/build_contexts/build_ctx_273210690/libs/vfs-dev-part/src" to "/fwbuild-volumes/2.6.0/apps/temp_humidity/esp8266/build_contexts/build_ctx_273210690/libs/vfs-dev-part/src"
mount from "/fwbuild-volumes/2.6.0/apps/temp_humidity/esp8266/build_contexts/build_ctx_273210690/libs/vfs-fs-spiffs/src" to "/fwbuild-volumes/2.6.0/apps/temp_humidity/esp8266/build_contexts/build_ctx_273210690/libs/vfs-fs-spiffs/src"
mount from "/fwbuild-volumes/2.6.0/apps/temp_humidity/esp8266/build_contexts/build_ctx_273210690/libs/vfs-fs-spiffs/src/spiffs" to "/fwbuild-volumes/2.6.0/apps/temp_humidity/esp8266/build_contexts/build_ctx_273210690/libs/vfs-fs-spiffs/src/spiffs"
mount from "/fwbuild-volumes/2.6.0/apps/temp_humidity/esp8266/build_contexts/build_ctx_273210690/libs/core/src" to "/fwbuild-volumes/2.6.0/apps/temp_humidity/esp8266/build_contexts/build_ctx_273210690/libs/core/src"
mount from "/fwbuild-volumes/2.6.0/apps/temp_humidity/esp8266/build_contexts/build_ctx_273210690/libs/core/src/esp8266" to "/fwbuild-volumes/2.6.0/apps/temp_humidity/esp8266/build_contexts/build_ctx_273210690/libs/core/src/esp8266"
mount from "/fwbuild-volumes/2.6.0/apps/temp_humidity/esp8266/build_contexts/build_ctx_273210690/libs/mqtt/src" to "/fwbuild-volumes/2.6.0/apps/temp_humidity/esp8266/build_contexts/build_ctx_273210690/libs/mqtt/src"
mount from "/fwbuild-volumes/2.6.0/apps/temp_humidity/esp8266/build_contexts/build_ctx_273210690/libs/shadow/src" to "/fwbuild-volumes/2.6.0/apps/temp_humidity/esp8266/build_contexts/build_ctx_273210690/libs/shadow/src"
mount from "/fwbuild-volumes/2.6.0/apps/temp_humidity/esp8266/build_contexts/build_ctx_273210690/libs/aws/src" to "/fwbuild-volumes/2.6.0/apps/temp_humidity/esp8266/build_contexts/build_ctx_273210690/libs/aws/src"
mount from "/fwbuild-volumes/2.6.0/apps/temp_humidity/esp8266/build_contexts/build_ctx_273210690/libs/ota-common/src" to "/fwbuild-volumes/2.6.0/apps/temp_humidity/esp8266/build_contexts/build_ctx_273210690/libs/ota-common/src"
mount from "/fwbuild-volumes/2.6.0/apps/temp_humidity/esp8266/build_contexts/build_ctx_273210690/libs/ota-common/src/esp8266" to "/fwbuild-volumes/2.6.0/apps/temp_humidity/esp8266/build_contexts/build_ctx_273210690/libs/ota-common/src/esp8266"
mount from "/fwbuild-volumes/2.6.0/apps/temp_humidity/esp8266/build_contexts/build_ctx_273210690/libs/rpc-common/src/mg_rpc" to "/fwbuild-volumes/2.6.0/apps/temp_humidity/esp8266/build_contexts/build_ctx_273210690/libs/rpc-common/src/mg_rpc"
mount from "/fwbuild-volumes/2.6.0/apps/temp_humidity/esp8266/build_contexts/build_ctx_273210690/libs/rpc-common/src" to "/fwbuild-volumes/2.6.0/apps/temp_humidity/esp8266/build_contexts/build_ctx_273210690/libs/rpc-common/src"
mount from "/fwbuild-volumes/2.6.0/apps/temp_humidity/esp8266/build_contexts/build_ctx_273210690/libs/dht/src" to "/fwbuild-volumes/2.6.0/apps/temp_humidity/esp8266/build_contexts/build_ctx_273210690/libs/dht/src"
mount from "/fwbuild-volumes/2.6.0/apps/temp_humidity/esp8266/build_contexts/build_ctx_273210690/libs/http-server/src" to "/fwbuild-volumes/2.6.0/apps/temp_humidity/esp8266/build_contexts/build_ctx_273210690/libs/http-server/src"
mount from "/fwbuild-volumes/2.6.0/apps/temp_humidity/esp8266/build_contexts/build_ctx_273210690/libs/rpc-service-config/src" to "/fwbuild-volumes/2.6.0/apps/temp_humidity/esp8266/build_contexts/build_ctx_273210690/libs/rpc-service-config/src"
mount from "/fwbuild-volumes/2.6.0/apps/temp_humidity/esp8266/build_contexts/build_ctx_273210690/libs/rpc-service-fs/src" to "/fwbuild-volumes/2.6.0/apps/temp_humidity/esp8266/build_contexts/build_ctx_273210690/libs/rpc-service-fs/src"
mount from "/fwbuild-volumes/2.6.0/apps/temp_humidity/esp8266/build_contexts/build_ctx_273210690/libs/rpc-uart/src" to "/fwbuild-volumes/2.6.0/apps/temp_humidity/esp8266/build_contexts/build_ctx_273210690/libs/rpc-uart/src"
mount from "/fwbuild-volumes/2.6.0/apps/temp_humidity/esp8266/build_contexts/build_ctx_273210690/libs/sntp/src" to "/fwbuild-volumes/2.6.0/apps/temp_humidity/esp8266/build_contexts/build_ctx_273210690/libs/sntp/src"
mount from "/fwbuild-volumes/2.6.0/apps/temp_humidity/esp8266/build_contexts/build_ctx_273210690/libs/wifi/src" to "/fwbuild-volumes/2.6.0/apps/temp_humidity/esp8266/build_contexts/build_ctx_273210690/libs/wifi/src"
mount from "/fwbuild-volumes/2.6.0/apps/temp_humidity/esp8266/build_contexts/build_ctx_273210690/libs/wifi/esp8266/src" to "/fwbuild-volumes/2.6.0/apps/temp_humidity/esp8266/build_contexts/build_ctx_273210690/libs/wifi/esp8266/src"
mount from "/fwbuild-volumes/2.6.0/apps/temp_humidity/esp8266/build_contexts/build_ctx_273210690/libs/i2c/include" to "/fwbuild-volumes/2.6.0/apps/temp_humidity/esp8266/build_contexts/build_ctx_273210690/libs/i2c/include"
mount from "/fwbuild-volumes/2.6.0/apps/temp_humidity/esp8266/build_contexts/build_ctx_273210690/libs/atca/include" to "/fwbuild-volumes/2.6.0/apps/temp_humidity/esp8266/build_contexts/build_ctx_273210690/libs/atca/include"
mount from "/fwbuild-volumes/2.6.0/apps/temp_humidity/esp8266/build_contexts/build_ctx_273210690/libs/atca/cryptoauthlib/lib" to "/fwbuild-volumes/2.6.0/apps/temp_humidity/esp8266/build_contexts/build_ctx_273210690/libs/atca/cryptoauthlib/lib"
mount from "/fwbuild-volumes/2.6.0/apps/temp_humidity/esp8266/build_contexts/build_ctx_273210690/libs/mbedtls/include" to "/fwbuild-volumes/2.6.0/apps/temp_humidity/esp8266/build_contexts/build_ctx_273210690/libs/mbedtls/include"
mount from "/fwbuild-volumes/2.6.0/apps/temp_humidity/esp8266/build_contexts/build_ctx_273210690/libs/mbedtls/include/esp8266" to "/fwbuild-volumes/2.6.0/apps/temp_humidity/esp8266/build_contexts/build_ctx_273210690/libs/mbedtls/include/esp8266"
mount from "/fwbuild-volumes/2.6.0/apps/temp_humidity/esp8266/build_contexts/build_ctx_273210690/libs/mbedtls/mbedtls/include" to "/fwbuild-volumes/2.6.0/apps/temp_humidity/esp8266/build_contexts/build_ctx_273210690/libs/mbedtls/mbedtls/include"
mount from "/fwbuild-volumes/2.6.0/apps/temp_humidity/esp8266/build_contexts/build_ctx_273210690/libs/vfs-common/include" to "/fwbuild-volumes/2.6.0/apps/temp_humidity/esp8266/build_contexts/build_ctx_273210690/libs/vfs-common/include"
mount from "/fwbuild-volumes/2.6.0/apps/temp_humidity/esp8266/build_contexts/build_ctx_273210690/libs/vfs-common/include/esp8266" to "/fwbuild-volumes/2.6.0/apps/temp_humidity/esp8266/build_contexts/build_ctx_273210690/libs/vfs-common/include/esp8266"
mount from "/fwbuild-volumes/2.6.0/apps/temp_humidity/esp8266/build_contexts/build_ctx_273210690/libs/mongoose/include" to "/fwbuild-volumes/2.6.0/apps/temp_humidity/esp8266/build_contexts/build_ctx_273210690/libs/mongoose/include"
mount from "/fwbuild-volumes/2.6.0/apps/temp_humidity/esp8266/build_contexts/build_ctx_273210690/libs/vfs-dev-part/include" to "/fwbuild-volumes/2.6.0/apps/temp_humidity/esp8266/build_contexts/build_ctx_273210690/libs/vfs-dev-part/include"
mount from "/fwbuild-volumes/2.6.0/apps/temp_humidity/esp8266/build_contexts/build_ctx_273210690/libs/vfs-fs-spiffs/include" to "/fwbuild-volumes/2.6.0/apps/temp_humidity/esp8266/build_contexts/build_ctx_273210690/libs/vfs-fs-spiffs/include"
mount from "/fwbuild-volumes/2.6.0/apps/temp_humidity/esp8266/build_contexts/build_ctx_273210690/libs/vfs-fs-spiffs/include/spiffs" to "/fwbuild-volumes/2.6.0/apps/temp_humidity/esp8266/build_contexts/build_ctx_273210690/libs/vfs-fs-spiffs/include/spiffs"
mount from "/fwbuild-volumes/2.6.0/apps/temp_humidity/esp8266/build_contexts/build_ctx_273210690/libs/vfs-fs-spiffs/include/esp8266" to "/fwbuild-volumes/2.6.0/apps/temp_humidity/esp8266/build_contexts/build_ctx_273210690/libs/vfs-fs-spiffs/include/esp8266"
mount from "/fwbuild-volumes/2.6.0/apps/temp_humidity/esp8266/build_contexts/build_ctx_273210690/libs/core/include" to "/fwbuild-volumes/2.6.0/apps/temp_humidity/esp8266/build_contexts/build_ctx_273210690/libs/core/include"
mount from "/fwbuild-volumes/2.6.0/apps/temp_humidity/esp8266/build_contexts/build_ctx_273210690/libs/core/include/esp8266" to "/fwbuild-volumes/2.6.0/apps/temp_humidity/esp8266/build_contexts/build_ctx_273210690/libs/core/include/esp8266"
mount from "/fwbuild-volumes/2.6.0/apps/temp_humidity/esp8266/build_contexts/build_ctx_273210690/libs/mqtt/include" to "/fwbuild-volumes/2.6.0/apps/temp_humidity/esp8266/build_contexts/build_ctx_273210690/libs/mqtt/include"
mount from "/fwbuild-volumes/2.6.0/apps/temp_humidity/esp8266/build_contexts/build_ctx_273210690/libs/shadow/include" to "/fwbuild-volumes/2.6.0/apps/temp_humidity/esp8266/build_contexts/build_ctx_273210690/libs/shadow/include"
mount from "/fwbuild-volumes/2.6.0/apps/temp_humidity/esp8266/build_contexts/build_ctx_273210690/libs/aws/include" to "/fwbuild-volumes/2.6.0/apps/temp_humidity/esp8266/build_contexts/build_ctx_273210690/libs/aws/include"
mount from "/fwbuild-volumes/2.6.0/apps/temp_humidity/esp8266/build_contexts/build_ctx_273210690/libs/ota-common/include" to "/fwbuild-volumes/2.6.0/apps/temp_humidity/esp8266/build_contexts/build_ctx_273210690/libs/ota-common/include"
mount from "/fwbuild-volumes/2.6.0/apps/temp_humidity/esp8266/build_contexts/build_ctx_273210690/libs/ota-http-client/include" to "/fwbuild-volumes/2.6.0/apps/temp_humidity/esp8266/build_contexts/build_ctx_273210690/libs/ota-http-client/include"
mount from "/fwbuild-volumes/2.6.0/apps/temp_humidity/esp8266/build_contexts/build_ctx_273210690/libs/rpc-common/include/mg_rpc" to "/fwbuild-volumes/2.6.0/apps/temp_humidity/esp8266/build_contexts/build_ctx_273210690/libs/rpc-common/include/mg_rpc"
mount from "/fwbuild-volumes/2.6.0/apps/temp_humidity/esp8266/build_contexts/build_ctx_273210690/libs/rpc-common/include" to "/fwbuild-volumes/2.6.0/apps/temp_humidity/esp8266/build_contexts/build_ctx_273210690/libs/rpc-common/include"
mount from "/fwbuild-volumes/2.6.0/apps/temp_humidity/esp8266/build_contexts/build_ctx_273210690/libs/dash/include" to "/fwbuild-volumes/2.6.0/apps/temp_humidity/esp8266/build_contexts/build_ctx_273210690/libs/dash/include"
mount from "/fwbuild-volumes/2.6.0/apps/temp_humidity/esp8266/build_contexts/build_ctx_273210690/libs/dht/include" to "/fwbuild-volumes/2.6.0/apps/temp_humidity/esp8266/build_contexts/build_ctx_273210690/libs/dht/include"
mount from "/fwbuild-volumes/2.6.0/apps/temp_humidity/esp8266/build_contexts/build_ctx_273210690/libs/http-server/include" to "/fwbuild-volumes/2.6.0/apps/temp_humidity/esp8266/build_contexts/build_ctx_273210690/libs/http-server/include"
mount from "/fwbuild-volumes/2.6.0/apps/temp_humidity/esp8266/build_contexts/build_ctx_273210690/libs/rpc-service-config/include" to "/fwbuild-volumes/2.6.0/apps/temp_humidity/esp8266/build_contexts/build_ctx_273210690/libs/rpc-service-config/include"
mount from "/fwbuild-volumes/2.6.0/apps/temp_humidity/esp8266/build_contexts/build_ctx_273210690/libs/rpc-service-fs/include" to "/fwbuild-volumes/2.6.0/apps/temp_humidity/esp8266/build_contexts/build_ctx_273210690/libs/rpc-service-fs/include"
mount from "/fwbuild-volumes/2.6.0/apps/temp_humidity/esp8266/build_contexts/build_ctx_273210690/libs/rpc-uart/include" to "/fwbuild-volumes/2.6.0/apps/temp_humidity/esp8266/build_contexts/build_ctx_273210690/libs/rpc-uart/include"
mount from "/fwbuild-volumes/2.6.0/apps/temp_humidity/esp8266/build_contexts/build_ctx_273210690/libs/wifi/include" to "/fwbuild-volumes/2.6.0/apps/temp_humidity/esp8266/build_contexts/build_ctx_273210690/libs/wifi/include"
mount from "/fwbuild-volumes/2.6.0/apps/temp_humidity/esp8266/build_contexts/build_ctx_273210690/libs/ca-bundle/fs" to "/fwbuild-volumes/2.6.0/apps/temp_humidity/esp8266/build_contexts/build_ctx_273210690/libs/ca-bundle/fs"
mount from "/fwbuild-volumes/2.6.0/apps/temp_humidity/esp8266/build_contexts/build_ctx_273210690/fs" to "/fwbuild-volumes/2.6.0/apps/temp_humidity/esp8266/build_contexts/build_ctx_273210690/fs"
mount from "/fwbuild-volumes/2.6.0/apps/temp_humidity/esp8266/build_contexts/build_ctx_273210690/libs/mbedtls/lib/esp8266" to "/fwbuild-volumes/2.6.0/apps/temp_humidity/esp8266/build_contexts/build_ctx_273210690/libs/mbedtls/lib/esp8266"
mount from "/fwbuild-volumes/2.6.0/apps/temp_humidity/esp8266/build_contexts/build_ctx_273210690/libs/mongoose/lib/esp8266" to "/fwbuild-volumes/2.6.0/apps/temp_humidity/esp8266/build_contexts/build_ctx_273210690/libs/mongoose/lib/esp8266"
mount from "/fwbuild-volumes/2.6.0/apps/temp_humidity/esp8266/build_contexts/build_ctx_273210690/libs/ota-http-client/lib/esp8266" to "/fwbuild-volumes/2.6.0/apps/temp_humidity/esp8266/build_contexts/build_ctx_273210690/libs/ota-http-client/lib/esp8266"
mount from "/fwbuild-volumes/2.6.0/apps/temp_humidity/esp8266/build_contexts/build_ctx_273210690/libs/ota-shadow/lib/esp8266" to "/fwbuild-volumes/2.6.0/apps/temp_humidity/esp8266/build_contexts/build_ctx_273210690/libs/ota-shadow/lib/esp8266"
mount from "/fwbuild-volumes/2.6.0/apps/temp_humidity/esp8266/build_contexts/build_ctx_273210690/libs/dash/lib/esp8266" to "/fwbuild-volumes/2.6.0/apps/temp_humidity/esp8266/build_contexts/build_ctx_273210690/libs/dash/lib/esp8266"
mount from "/fwbuild-volumes/2.6.0/apps/temp_humidity/esp8266/build_contexts/build_ctx_273210690/libs/ota-http-server/lib/esp8266" to "/fwbuild-volumes/2.6.0/apps/temp_humidity/esp8266/build_contexts/build_ctx_273210690/libs/ota-http-server/lib/esp8266"
mount from "/fwbuild-volumes/2.6.0/apps/temp_humidity/esp8266/build_contexts/build_ctx_273210690/build/gen" to "/fwbuild-volumes/2.6.0/apps/temp_humidity/esp8266/build_contexts/build_ctx_273210690/build/gen"
Docker arguments: run --name mos_build_2018-11-14T18-09-50-00_6980362276354950403 --rm -i -v /fwbuild-volumes/2.6.0/apps/temp_humidity/esp8266/build_contexts/build_ctx_273210690/build:/fwbuild-volumes/2.6.0/apps/temp_humidity/esp8266/build_contexts/build_ctx_273210690/build -v /fwbuild-volumes/2.6.0/apps/temp_humidity/esp8266/build_contexts/build_ctx_273210690/libs/i2c/src:/fwbuild-volumes/2.6.0/apps/temp_humidity/esp8266/build_contexts/build_ctx_273210690/libs/i2c/src -v /fwbuild-volumes/2.6.0/apps/temp_humidity/esp8266/build_contexts/build_ctx_273210690/libs/core/include/esp8266:/fwbuild-volumes/2.6.0/apps/temp_humidity/esp8266/build_contexts/build_ctx_273210690/libs/core/include/esp8266 -v /fwbuild-volumes/2.6.0/apps/temp_humidity/esp8266/build_contexts/build_ctx_273210690/libs/rpc-common/src/mg_rpc:/fwbuild-volumes/2.6.0/apps/temp_humidity/esp8266/build_contexts/build_ctx_273210690/libs/rpc-common/src/mg_rpc -v /fwbuild-volumes/2.6.0/apps/temp_humidity/esp8266/build_contexts/build_ctx_273210690/libs/rpc-service-config/src:/fwbuild-volumes/2.6.0/apps/temp_humidity/esp8266/build_contexts/build_ctx_273210690/libs/rpc-service-config/src -v /fwbuild-volumes/2.6.0/apps/temp_humidity/esp8266/build_contexts/build_ctx_273210690/libs/aws/include:/fwbuild-volumes/2.6.0/apps/temp_humidity/esp8266/build_contexts/build_ctx_273210690/libs/aws/include -v /fwbuild-volumes/2.6.0/apps/temp_humidity/esp8266/build_contexts/build_ctx_273210690/libs/wifi/src:/fwbuild-volumes/2.6.0/apps/temp_humidity/esp8266/build_contexts/build_ctx_273210690/libs/wifi/src -v /fwbuild-volumes/2.6.0/apps/temp_humidity/esp8266/build_contexts/build_ctx_273210690/libs/atca/include:/fwbuild-volumes/2.6.0/apps/temp_humidity/esp8266/build_contexts/build_ctx_273210690/libs/atca/include -v /fwbuild-volumes/2.6.0/apps/temp_humidity/esp8266/build_contexts/build_ctx_273210690/libs/mbedtls/include:/fwbuild-volumes/2.6.0/apps/temp_humidity/esp8266/build_contexts/build_ctx_273210690/libs/mbedtls/include -v /fwbuild-volumes/2.6.0/apps/temp_humidity/esp8266/build_contexts/build_ctx_273210690/libs/vfs-common/include:/fwbuild-volumes/2.6.0/apps/temp_humidity/esp8266/build_contexts/build_ctx_273210690/libs/vfs-common/include -v /fwbuild-volumes/2.6.0/apps/temp_humidity/esp8266/build_contexts/build_ctx_273210690/libs/vfs-fs-spiffs/include/esp8266:/fwbuild-volumes/2.6.0/apps/temp_humidity/esp8266/build_contexts/build_ctx_273210690/libs/vfs-fs-spiffs/include/esp8266 -v /fwbuild-volumes/2.6.0/apps/temp_humidity/esp8266/build_contexts/build_ctx_273210690/libs/atca/cryptoauthlib/lib/host:/fwbuild-volumes/2.6.0/apps/temp_humidity/esp8266/build_contexts/build_ctx_273210690/libs/atca/cryptoauthlib/lib/host -v /fwbuild-volumes/2.6.0/apps/temp_humidity/esp8266/build_contexts/build_ctx_273210690/libs/vfs-fs-spiffs/src:/fwbuild-volumes/2.6.0/apps/temp_humidity/esp8266/build_contexts/build_ctx_273210690/libs/vfs-fs-spiffs/src -v /fwbuild-volumes/2.6.0/apps/temp_humidity/esp8266/build_contexts/build_ctx_273210690/libs/ota-common/src:/fwbuild-volumes/2.6.0/apps/temp_humidity/esp8266/build_contexts/build_ctx_273210690/libs/ota-common/src -v /fwbuild-volumes/2.6.0/apps/temp_humidity/esp8266/build_contexts/build_ctx_273210690/libs/ota-http-client/lib/esp8266:/fwbuild-volumes/2.6.0/apps/temp_humidity/esp8266/build_contexts/build_ctx_273210690/libs/ota-http-client/lib/esp8266 -v /fwbuild-volumes/2.6.0/apps/temp_humidity/esp8266/build_contexts/build_ctx_273210690/libs/mqtt/src:/fwbuild-volumes/2.6.0/apps/temp_humidity/esp8266/build_contexts/build_ctx_273210690/libs/mqtt/src -v /fwbuild-volumes/2.6.0/apps/temp_humidity/esp8266/build_contexts/build_ctx_273210690/libs/rpc-service-config/include:/fwbuild-volumes/2.6.0/apps/temp_humidity/esp8266/build_contexts/build_ctx_273210690/libs/rpc-service-config/include -v /fwbuild-volumes/2.6.0/apps/temp_humidity/esp8266/build_contexts/build_ctx_273210690/fs:/fwbuild-volumes/2.6.0/apps/temp_humidity/esp8266/build_contexts/build_ctx_273210690/fs -v /fwbuild-volumes/2.6.0/apps/temp_humidity/esp8266/build_contexts/build_ctx_273210690/libs/atca/src:/fwbuild-volumes/2.6.0/apps/temp_humidity/esp8266/build_contexts/build_ctx_273210690/libs/atca/src -v /fwbuild-volumes/2.6.0/apps/temp_humidity/esp8266/build_contexts/build_ctx_273210690/libs/rpc-uart/src:/fwbuild-volumes/2.6.0/apps/temp_humidity/esp8266/build_contexts/build_ctx_273210690/libs/rpc-uart/src -v /fwbuild-volumes/2.6.0/apps/temp_humidity/esp8266/build_contexts/build_ctx_273210690/libs/dht/include:/fwbuild-volumes/2.6.0/apps/temp_humidity/esp8266/build_contexts/build_ctx_273210690/libs/dht/include -v /fwbuild-volumes/2.6.0/apps/temp_humidity/esp8266/build_contexts/build_ctx_273210690/libs/wifi/esp8266/src:/fwbuild-volumes/2.6.0/apps/temp_humidity/esp8266/build_contexts/build_ctx_273210690/libs/wifi/esp8266/src -v /fwbuild-volumes/2.6.0/apps/temp_humidity/esp8266/build_contexts/build_ctx_273210690/libs/dash/include:/fwbuild-volumes/2.6.0/apps/temp_humidity/esp8266/build_contexts/build_ctx_273210690/libs/dash/include -v /fwbuild-volumes/2.6.0/apps/temp_humidity/esp8266/build_contexts/build_ctx_273210690/src:/fwbuild-volumes/2.6.0/apps/temp_humidity/esp8266/build_contexts/build_ctx_273210690/src -v /fwbuild-volumes/2.6.0/apps/temp_humidity/esp8266/build_contexts/build_ctx_273210690/libs/vfs-fs-spiffs/src/spiffs:/fwbuild-volumes/2.6.0/apps/temp_humidity/esp8266/build_contexts/build_ctx_273210690/libs/vfs-fs-spiffs/src/spiffs -v /fwbuild-volumes/2.6.0/apps/temp_humidity/esp8266/build_contexts/build_ctx_273210690/libs/core/src:/fwbuild-volumes/2.6.0/apps/temp_humidity/esp8266/build_contexts/build_ctx_273210690/libs/core/src -v /fwbuild-volumes/2.6.0/apps/temp_humidity/esp8266/build_contexts/build_ctx_273210690/libs/core/include:/fwbuild-volumes/2.6.0/apps/temp_humidity/esp8266/build_contexts/build_ctx_273210690/libs/core/include -v /fwbuild-volumes/2.6.0/apps/temp_humidity/esp8266/build_contexts/build_ctx_273210690:/app -v /fwbuild-volumes/2.6.0/apps/temp_humidity/esp8266/build_contexts/build_ctx_273210690/libs/atca/cryptoauthlib/lib:/fwbuild-volumes/2.6.0/apps/temp_humidity/esp8266/build_contexts/build_ctx_273210690/libs/atca/cryptoauthlib/lib -v /fwbuild-volumes/2.6.0/apps/temp_humidity/esp8266/build_contexts/build_ctx_273210690/libs/vfs-common/src:/fwbuild-volumes/2.6.0/apps/temp_humidity/esp8266/build_contexts/build_ctx_273210690/libs/vfs-common/src -v /fwbuild-volumes/2.6.0/apps/temp_humidity/esp8266/build_contexts/build_ctx_273210690/libs/vfs-common/src/esp8266:/fwbuild-volumes/2.6.0/apps/temp_humidity/esp8266/build_contexts/build_ctx_273210690/libs/vfs-common/src/esp8266 -v /fwbuild-volumes/2.6.0/apps/temp_humidity/esp8266/build_contexts/build_ctx_273210690/libs/rpc-common/include:/fwbuild-volumes/2.6.0/apps/temp_humidity/esp8266/build_contexts/build_ctx_273210690/libs/rpc-common/include -v /fwbuild-volumes/2.6.0/apps/temp_humidity/esp8266/build_contexts/build_ctx_273210690/libs/http-server/include:/fwbuild-volumes/2.6.0/apps/temp_humidity/esp8266/build_contexts/build_ctx_273210690/libs/http-server/include -v /fwbuild-volumes/2.6.0/apps/temp_humidity/esp8266/build_contexts/build_ctx_273210690/libs/rpc-service-fs/include:/fwbuild-volumes/2.6.0/apps/temp_humidity/esp8266/build_contexts/build_ctx_273210690/libs/rpc-service-fs/include -v /fwbuild-volumes/2.6.0/apps/temp_humidity/esp8266/build_contexts/build_ctx_273210690/modules/mongoose-os:/fwbuild-volumes/2.6.0/apps/temp_humidity/esp8266/build_contexts/build_ctx_273210690/modules/mongoose-os -v /fwbuild-volumes/2.6.0/apps/temp_humidity/esp8266/build_contexts/build_ctx_273210690/libs/mbedtls/mbedtls/include:/fwbuild-volumes/2.6.0/apps/temp_humidity/esp8266/build_contexts/build_ctx_273210690/libs/mbedtls/mbedtls/include -v /fwbuild-volumes/2.6.0/apps/temp_humidity/esp8266/build_contexts/build_ctx_273210690/libs/shadow/include:/fwbuild-volumes/2.6.0/apps/temp_humidity/esp8266/build_contexts/build_ctx_273210690/libs/shadow/include -v /fwbuild-volumes/2.6.0/apps/temp_humidity/esp8266/build_contexts/build_ctx_273210690/libs/sntp/src:/fwbuild-volumes/2.6.0/apps/temp_humidity/esp8266/build_contexts/build_ctx_273210690/libs/sntp/src -v /fwbuild-volumes/2.6.0/apps/temp_humidity/esp8266/build_contexts/build_ctx_273210690/libs/mqtt/include:/fwbuild-volumes/2.6.0/apps/temp_humidity/esp8266/build_contexts/build_ctx_273210690/libs/mqtt/include -v /fwbuild-volumes/2.6.0/apps/temp_humidity/esp8266/build_contexts/build_ctx_273210690/libs/ota-shadow/lib/esp8266:/fwbuild-volumes/2.6.0/apps/temp_humidity/esp8266/build_contexts/build_ctx_273210690/libs/ota-shadow/lib/esp8266 -v /fwbuild-volumes/2.6.0/apps/temp_humidity/esp8266/build_contexts/build_ctx_273210690/modules/mongoose-os:/mongoose-os -v /fwbuild-volumes/2.6.0/apps/temp_humidity/esp8266/build_contexts/build_ctx_273210690/libs/ota-common/include:/fwbuild-volumes/2.6.0/apps/temp_humidity/esp8266/build_contexts/build_ctx_273210690/libs/ota-common/include -v /fwbuild-volumes/2.6.0/apps/temp_humidity/esp8266/build_contexts/build_ctx_273210690/libs/mongoose/lib/esp8266:/fwbuild-volumes/2.6.0/apps/temp_humidity/esp8266/build_contexts/build_ctx_273210690/libs/mongoose/lib/esp8266 -v /fwbuild-volumes/2.6.0/apps/temp_humidity/esp8266/build_contexts/build_ctx_273210690/libs/rpc-uart/include:/fwbuild-volumes/2.6.0/apps/temp_humidity/esp8266/build_contexts/build_ctx_273210690/libs/rpc-uart/include -v /fwbuild-volumes/2.6.0/apps/temp_humidity/esp8266/build_contexts/build_ctx_273210690/libs/atca/cryptoauthlib/lib/hal:/fwbuild-volumes/2.6.0/apps/temp_humidity/esp8266/build_contexts/build_ctx_273210690/libs/atca/cryptoauthlib/lib/hal -v /fwbuild-volumes/2.6.0/apps/temp_humidity/esp8266/build_contexts/build_ctx_273210690/libs/vfs-common/include/esp8266:/fwbuild-volumes/2.6.0/apps/temp_humidity/esp8266/build_contexts/build_ctx_273210690/libs/vfs-common/include/esp8266 -v /fwbuild-volumes/2.6.0/apps/temp_humidity/esp8266/build_contexts/build_ctx_273210690/libs/mongoose/include:/fwbuild-volumes/2.6.0/apps/temp_humidity/esp8266/build_contexts/build_ctx_273210690/libs/mongoose/include -v /fwbuild-volumes/2.6.0/apps/temp_humidity/esp8266/build_contexts/build_ctx_273210690/libs/vfs-fs-spiffs/include/spiffs:/fwbuild-volumes/2.6.0/apps/temp_humidity/esp8266/build_contexts/build_ctx_273210690/libs/vfs-fs-spiffs/include/spiffs -v /fwbuild-volumes/2.6.0/apps/temp_humidity/esp8266/build_contexts/build_ctx_273210690/libs/wifi/include:/fwbuild-volumes/2.6.0/apps/temp_humidity/esp8266/build_contexts/build_ctx_273210690/libs/wifi/include -v /fwbuild-volumes/2.6.0/apps/temp_humidity/esp8266/build_contexts/build_ctx_273210690/libs/mbedtls/lib/esp8266:/fwbuild-volumes/2.6.0/apps/temp_humidity/esp8266/build_contexts/build_ctx_273210690/libs/mbedtls/lib/esp8266 -v /fwbuild-volumes/2.6.0/apps/temp_humidity/esp8266/build_contexts/build_ctx_273210690/libs/shadow/src:/fwbuild-volumes/2.6.0/apps/temp_humidity/esp8266/build_contexts/build_ctx_273210690/libs/shadow/src -v /fwbuild-volumes/2.6.0/apps/temp_humidity/esp8266/build_contexts/build_ctx_273210690/libs/http-server/src:/fwbuild-volumes/2.6.0/apps/temp_humidity/esp8266/build_contexts/build_ctx_273210690/libs/http-server/src -v /fwbuild-volumes/2.6.0/apps/temp_humidity/esp8266/build_contexts/build_ctx_273210690/libs/rpc-service-fs/src:/fwbuild-volumes/2.6.0/apps/temp_humidity/esp8266/build_contexts/build_ctx_273210690/libs/rpc-service-fs/src -v /fwbuild-volumes/2.6.0/apps/temp_humidity/esp8266/build_contexts/build_ctx_273210690/libs/mbedtls/include/esp8266:/fwbuild-volumes/2.6.0/apps/temp_humidity/esp8266/build_contexts/build_ctx_273210690/libs/mbedtls/include/esp8266 -v /fwbuild-volumes/2.6.0/apps/temp_humidity/esp8266/build_contexts/build_ctx_273210690/libs/vfs-dev-part/include:/fwbuild-volumes/2.6.0/apps/temp_humidity/esp8266/build_contexts/build_ctx_273210690/libs/vfs-dev-part/include -v /fwbuild-volumes/2.6.0/apps/temp_humidity/esp8266/build_contexts/build_ctx_273210690/libs/vfs-fs-spiffs/include:/fwbuild-volumes/2.6.0/apps/temp_humidity/esp8266/build_contexts/build_ctx_273210690/libs/vfs-fs-spiffs/include -v /fwbuild-volumes/2.6.0/apps/temp_humidity/esp8266/build_contexts/build_ctx_273210690/libs/ca-bundle/fs:/fwbuild-volumes/2.6.0/apps/temp_humidity/esp8266/build_contexts/build_ctx_273210690/libs/ca-bundle/fs -v /fwbuild-volumes/2.6.0/apps/temp_humidity/esp8266/build_contexts/build_ctx_273210690/libs/dash/lib/esp8266:/fwbuild-volumes/2.6.0/apps/temp_humidity/esp8266/build_contexts/build_ctx_273210690/libs/dash/lib/esp8266 -v /fwbuild-volumes/2.6.0/apps/temp_humidity/esp8266/build_contexts/build_ctx_273210690/libs/aws/src:/fwbuild-volumes/2.6.0/apps/temp_humidity/esp8266/build_contexts/build_ctx_273210690/libs/aws/src -v /fwbuild-volumes/2.6.0/apps/temp_humidity/esp8266/build_contexts/build_ctx_273210690/libs/rpc-common/src:/fwbuild-volumes/2.6.0/apps/temp_humidity/esp8266/build_contexts/build_ctx_273210690/libs/rpc-common/src -v /fwbuild-volumes/2.6.0/apps/temp_humidity/esp8266/build_contexts/build_ctx_273210690/libs/i2c/include:/fwbuild-volumes/2.6.0/apps/temp_humidity/esp8266/build_contexts/build_ctx_273210690/libs/i2c/include -v /fwbuild-volumes/2.6.0/apps/temp_humidity/esp8266/build_contexts/build_ctx_273210690/libs/ota-http-server/lib/esp8266:/fwbuild-volumes/2.6.0/apps/temp_humidity/esp8266/build_contexts/build_ctx_273210690/libs/ota-http-server/lib/esp8266 -v /fwbuild-volumes/2.6.0/apps/temp_humidity/esp8266/build_contexts/build_ctx_273210690/libs/dht/src:/fwbuild-volumes/2.6.0/apps/temp_humidity/esp8266/build_contexts/build_ctx_273210690/libs/dht/src -v /fwbuild-volumes/2.6.0/apps/temp_humidity/esp8266/build_contexts/build_ctx_273210690/libs/ota-http-client/include:/fwbuild-volumes/2.6.0/apps/temp_humidity/esp8266/build_contexts/build_ctx_273210690/libs/ota-http-client/include -v /fwbuild-volumes/2.6.0/apps/temp_humidity/esp8266/build_contexts/build_ctx_273210690/build/gen:/fwbuild-volumes/2.6.0/apps/temp_humidity/esp8266/build_contexts/build_ctx_273210690/build/gen -v /fwbuild-volumes/2.6.0/apps/temp_humidity/esp8266/build_contexts/build_ctx_273210690/libs/i2c/src/common_gpio:/fwbuild-volumes/2.6.0/apps/temp_humidity/esp8266/build_contexts/build_ctx_273210690/libs/i2c/src/common_gpio -v /fwbuild-volumes/2.6.0/apps/temp_humidity/esp8266/build_contexts/build_ctx_273210690/libs/atca/cryptoauthlib/lib/basic:/fwbuild-volumes/2.6.0/apps/temp_humidity/esp8266/build_contexts/build_ctx_273210690/libs/atca/cryptoauthlib/lib/basic -v /fwbuild-volumes/2.6.0/apps/temp_humidity/esp8266/build_contexts/build_ctx_273210690/libs/ota-common/src/esp8266:/fwbuild-volumes/2.6.0/apps/temp_humidity/esp8266/build_contexts/build_ctx_273210690/libs/ota-common/src/esp8266 -v /fwbuild-volumes/2.6.0/apps/temp_humidity/esp8266/build_contexts/build_ctx_273210690/libs/rpc-common/include/mg_rpc:/fwbuild-volumes/2.6.0/apps/temp_humidity/esp8266/build_contexts/build_ctx_273210690/libs/rpc-common/include/mg_rpc -v /fwbuild-volumes/2.6.0/apps/temp_humidity/esp8266/build_contexts/build_ctx_273210690/libs/atca/cryptoauthlib/lib/crypto:/fwbuild-volumes/2.6.0/apps/temp_humidity/esp8266/build_contexts/build_ctx_273210690/libs/atca/cryptoauthlib/lib/crypto -v /fwbuild-volumes/2.6.0/apps/temp_humidity/esp8266/build_contexts/build_ctx_273210690/libs/vfs-dev-part/src:/fwbuild-volumes/2.6.0/apps/temp_humidity/esp8266/build_contexts/build_ctx_273210690/libs/vfs-dev-part/src -v /fwbuild-volumes/2.6.0/apps/temp_humidity/esp8266/build_contexts/build_ctx_273210690/libs/core/src/esp8266:/fwbuild-volumes/2.6.0/apps/temp_humidity/esp8266/build_contexts/build_ctx_273210690/libs/core/src/esp8266 --user 0:0 docker.io/mgos/esp8266-build:2.2.1-1.5.0-r4 /bin/bash -c nice make '-j' '16' '-C' '/app' '-f' '/mongoose-os/fw/platforms/esp8266/Makefile.build' 'all' 'APP=temp_humidity' 'APP_BIN_LIBS=/fwbuild-volumes/2.6.0/apps/temp_humidity/esp8266/build_contexts/build_ctx_273210690/libs/mbedtls/lib/esp8266/libmbedtls.a /fwbuild-volumes/2.6.0/apps/temp_humidity/esp8266/build_contexts/build_ctx_273210690/libs/mongoose/lib/esp8266/libmongoose.a /fwbuild-volumes/2.6.0/apps/temp_humidity/esp8266/build_contexts/build_ctx_273210690/libs/ota-http-client/lib/esp8266/libota-http-client.a /fwbuild-volumes/2.6.0/apps/temp_humidity/esp8266/build_contexts/build_ctx_273210690/libs/ota-shadow/lib/esp8266/libota-shadow.a /fwbuild-volumes/2.6.0/apps/temp_humidity/esp8266/build_contexts/build_ctx_273210690/libs/dash/lib/esp8266/libdash.a /fwbuild-volumes/2.6.0/apps/temp_humidity/esp8266/build_contexts/build_ctx_273210690/libs/ota-http-server/lib/esp8266/libota-http-server.a' 'APP_CFLAGS=-DMBEDTLS_ECP_ATCA=1 -DMBEDTLS_X509_CA_CHAIN_ON_DISK=1 -DMGOS_ENABLE_FILE_UPLOAD=1 -DMGOS_ENABLE_RPC_CHANNEL_HTTP=1 -DMGOS_ENABLE_RPC_CHANNEL_WS=1 -DMGOS_ENABLE_SYS_SERVICE=1 -DMGOS_ENABLE_TUNNEL=0 -DMGOS_ENABLE_WEB_CONFIG=0 -DMGOS_HAVE_ATCA=1 -DMGOS_HAVE_AWS=1 -DMGOS_HAVE_CA_BUNDLE=1 -DMGOS_HAVE_CORE=1 -DMGOS_HAVE_DASH=1 -DMGOS_HAVE_DHT=1 -DMGOS_HAVE_HTTP_SERVER=1 -DMGOS_HAVE_I2C=1 -DMGOS_HAVE_MBEDTLS=1 -DMGOS_HAVE_MONGOOSE=1 -DMGOS_HAVE_MQTT=1 -DMGOS_HAVE_OTA_COMMON=1 -DMGOS_HAVE_OTA_HTTP_CLIENT=1 -DMGOS_HAVE_OTA_HTTP_SERVER=1 -DMGOS_HAVE_OTA_SHADOW=1 -DMGOS_HAVE_RPC_COMMON=1 -DMGOS_HAVE_RPC_SERVICE_CONFIG=1 -DMGOS_HAVE_RPC_SERVICE_FS=1 -DMGOS_HAVE_RPC_UART=1 -DMGOS_HAVE_SHADOW=1 -DMGOS_HAVE_SNTP=1 -DMGOS_HAVE_VFS_COMMON=1 -DMGOS_HAVE_VFS_DEV_PART=1 -DMGOS_HAVE_VFS_FS_SPIFFS=1 -DMGOS_HAVE_WIFI=1 -DMGOS_HAVE_ZZ_BOARDS=1 -DMGOS_WIFI_ENABLE_AP_STA=1 -DMG_ENABLE_DNS=1 -DMG_ENABLE_DNS_SERVER=1 -DMG_ENABLE_MQTT=1 -DMG_ENABLE_SNTP=1 -DMG_ENABLE_SSL=1 -DMG_SSL_IF=MG_SSL_IF_MBEDTLS -DMG_SSL_IF_MBEDTLS_FREE_CERTS=1 -DMG_SSL_IF_MBEDTLS_MAX_FRAG_LEN=1024' 'APP_CONF_SCHEMA=/fwbuild-volumes/2.6.0/apps/temp_humidity/esp8266/build_contexts/build_ctx_273210690/build/gen/mos_conf_schema.yml' 'APP_CXXFLAGS=-DMBEDTLS_ECP_ATCA=1 -DMBEDTLS_X509_CA_CHAIN_ON_DISK=1 -DMGOS_ENABLE_FILE_UPLOAD=1 -DMGOS_ENABLE_RPC_CHANNEL_HTTP=1 -DMGOS_ENABLE_RPC_CHANNEL_WS=1 -DMGOS_ENABLE_SYS_SERVICE=1 -DMGOS_ENABLE_TUNNEL=0 -DMGOS_ENABLE_WEB_CONFIG=0 -DMGOS_HAVE_ATCA=1 -DMGOS_HAVE_AWS=1 -DMGOS_HAVE_CA_BUNDLE=1 -DMGOS_HAVE_CORE=1 -DMGOS_HAVE_DASH=1 -DMGOS_HAVE_DHT=1 -DMGOS_HAVE_HTTP_SERVER=1 -DMGOS_HAVE_I2C=1 -DMGOS_HAVE_MBEDTLS=1 -DMGOS_HAVE_MONGOOSE=1 -DMGOS_HAVE_MQTT=1 -DMGOS_HAVE_OTA_COMMON=1 -DMGOS_HAVE_OTA_HTTP_CLIENT=1 -DMGOS_HAVE_OTA_HTTP_SERVER=1 -DMGOS_HAVE_OTA_SHADOW=1 -DMGOS_HAVE_RPC_COMMON=1 -DMGOS_HAVE_RPC_SERVICE_CONFIG=1 -DMGOS_HAVE_RPC_SERVICE_FS=1 -DMGOS_HAVE_RPC_UART=1 -DMGOS_HAVE_SHADOW=1 -DMGOS_HAVE_SNTP=1 -DMGOS_HAVE_VFS_COMMON=1 -DMGOS_HAVE_VFS_DEV_PART=1 -DMGOS_HAVE_VFS_FS_SPIFFS=1 -DMGOS_HAVE_WIFI=1 -DMGOS_HAVE_ZZ_BOARDS=1 -DMGOS_WIFI_ENABLE_AP_STA=1 -DMG_ENABLE_DNS=1 -DMG_ENABLE_DNS_SERVER=1 -DMG_ENABLE_MQTT=1 -DMG_ENABLE_SNTP=1 -DMG_ENABLE_SSL=1 -DMG_SSL_IF=MG_SSL_IF_MBEDTLS -DMG_SSL_IF_MBEDTLS_FREE_CERTS=1 -DMG_SSL_IF_MBEDTLS_MAX_FRAG_LEN=1024' 'APP_FS_FILES=/fwbuild-volumes/2.6.0/apps/temp_humidity/esp8266/build_contexts/build_ctx_273210690/libs/ca-bundle/fs/ca.pem /fwbuild-volumes/2.6.0/apps/temp_humidity/esp8266/build_contexts/build_ctx_273210690/fs/index.html' 'APP_INCLUDES=/fwbuild-volumes/2.6.0/apps/temp_humidity/esp8266/build_contexts/build_ctx_273210690/libs/i2c/include /fwbuild-volumes/2.6.0/apps/temp_humidity/esp8266/build_contexts/build_ctx_273210690/libs/atca/include /fwbuild-volumes/2.6.0/apps/temp_humidity/esp8266/build_contexts/build_ctx_273210690/libs/atca/cryptoauthlib/lib /fwbuild-volumes/2.6.0/apps/temp_humidity/esp8266/build_contexts/build_ctx_273210690/libs/mbedtls/include /fwbuild-volumes/2.6.0/apps/temp_humidity/esp8266/build_contexts/build_ctx_273210690/libs/mbedtls/include/esp8266 /fwbuild-volumes/2.6.0/apps/temp_humidity/esp8266/build_contexts/build_ctx_273210690/libs/mbedtls/mbedtls/include /fwbuild-volumes/2.6.0/apps/temp_humidity/esp8266/build_contexts/build_ctx_273210690/libs/vfs-common/include /fwbuild-volumes/2.6.0/apps/temp_humidity/esp8266/build_contexts/build_ctx_273210690/libs/vfs-common/include/esp8266 /fwbuild-volumes/2.6.0/apps/temp_humidity/esp8266/build_contexts/build_ctx_273210690/libs/mongoose/include /fwbuild-volumes/2.6.0/apps/temp_humidity/esp8266/build_contexts/build_ctx_273210690/libs/vfs-dev-part/include /fwbuild-volumes/2.6.0/apps/temp_humidity/esp8266/build_contexts/build_ctx_273210690/libs/vfs-fs-spiffs/include /fwbuild-volumes/2.6.0/apps/temp_humidity/esp8266/build_contexts/build_ctx_273210690/libs/vfs-fs-spiffs/include/spiffs /fwbuild-volumes/2.6.0/apps/temp_humidity/esp8266/build_contexts/build_ctx_273210690/libs/vfs-fs-spiffs/include/esp8266 /fwbuild-volumes/2.6.0/apps/temp_humidity/esp8266/build_contexts/build_ctx_273210690/libs/core/include /fwbuild-volumes/2.6.0/apps/temp_humidity/esp8266/build_contexts/build_ctx_273210690/libs/core/include/esp8266 /fwbuild-volumes/2.6.0/apps/temp_humidity/esp8266/build_contexts/build_ctx_273210690/libs/mqtt/include /fwbuild-volumes/2.6.0/apps/temp_humidity/esp8266/build_contexts/build_ctx_273210690/libs/shadow/include /fwbuild-volumes/2.6.0/apps/temp_humidity/esp8266/build_contexts/build_ctx_273210690/libs/aws/include /fwbuild-volumes/2.6.0/apps/temp_humidity/esp8266/build_contexts/build_ctx_273210690/libs/ota-common/include /fwbuild-volumes/2.6.0/apps/temp_humidity/esp8266/build_contexts/build_ctx_273210690/libs/ota-http-client/include /fwbuild-volumes/2.6.0/apps/temp_humidity/esp8266/build_contexts/build_ctx_273210690/libs/rpc-common/include/mg_rpc /fwbuild-volumes/2.6.0/apps/temp_humidity/esp8266/build_contexts/build_ctx_273210690/libs/rpc-common/include /fwbuild-volumes/2.6.0/apps/temp_humidity/esp8266/build_contexts/build_ctx_273210690/libs/dash/include /fwbuild-volumes/2.6.0/apps/temp_humidity/esp8266/build_contexts/build_ctx_273210690/libs/dht/include /fwbuild-volumes/2.6.0/apps/temp_humidity/esp8266/build_contexts/build_ctx_273210690/libs/http-server/include /fwbuild-volumes/2.6.0/apps/temp_humidity/esp8266/build_contexts/build_ctx_273210690/libs/rpc-service-config/include /fwbuild-volumes/2.6.0/apps/temp_humidity/esp8266/build_contexts/build_ctx_273210690/libs/rpc-service-fs/include /fwbuild-volumes/2.6.0/apps/temp_humidity/esp8266/build_contexts/build_ctx_273210690/libs/rpc-uart/include /fwbuild-volumes/2.6.0/apps/temp_humidity/esp8266/build_contexts/build_ctx_273210690/libs/wifi/include' 'APP_SOURCES=/fwbuild-volumes/2.6.0/apps/temp_humidity/esp8266/build_contexts/build_ctx_273210690/src/main.c /fwbuild-volumes/2.6.0/apps/temp_humidity/esp8266/build_contexts/build_ctx_273210690/build/gen/mgos_deps_init.c /fwbuild-volumes/2.6.0/apps/temp_humidity/esp8266/build_contexts/build_ctx_273210690/libs/i2c/src/mgos_i2c.c /fwbuild-volumes/2.6.0/apps/temp_humidity/esp8266/build_contexts/build_ctx_273210690/libs/i2c/src/common_gpio/mgos_i2c_gpio.c /fwbuild-volumes/2.6.0/apps/temp_humidity/esp8266/build_contexts/build_ctx_273210690/libs/atca/src/mgos_atca.c /fwbuild-volumes/2.6.0/apps/temp_humidity/esp8266/build_contexts/build_ctx_273210690/libs/atca/cryptoauthlib/lib/atca_cfgs.c /fwbuild-volumes/2.6.0/apps/temp_humidity/esp8266/build_contexts/build_ctx_273210690/libs/atca/cryptoauthlib/lib/atca_command.c /fwbuild-volumes/2.6.0/apps/temp_humidity/esp8266/build_contexts/build_ctx_273210690/libs/atca/cryptoauthlib/lib/atca_device.c /fwbuild-volumes/2.6.0/apps/temp_humidity/esp8266/build_contexts/build_ctx_273210690/libs/atca/cryptoauthlib/lib/atca_iface.c /fwbuild-volumes/2.6.0/apps/temp_humidity/esp8266/build_contexts/build_ctx_273210690/libs/atca/cryptoauthlib/lib/basic/atca_basic.c /fwbuild-volumes/2.6.0/apps/temp_humidity/esp8266/build_contexts/build_ctx_273210690/libs/atca/cryptoauthlib/lib/basic/atca_helpers.c /fwbuild-volumes/2.6.0/apps/temp_humidity/esp8266/build_contexts/build_ctx_273210690/libs/atca/cryptoauthlib/lib/host/atca_host.c /fwbuild-volumes/2.6.0/apps/temp_humidity/esp8266/build_contexts/build_ctx_273210690/libs/vfs-common/src/mgos_vfs.c /fwbuild-volumes/2.6.0/apps/temp_humidity/esp8266/build_contexts/build_ctx_273210690/libs/vfs-common/src/mgos_vfs_dev.c /fwbuild-volumes/2.6.0/apps/temp_humidity/esp8266/build_contexts/build_ctx_273210690/libs/vfs-common/src/esp8266/esp_flash_writer.c /fwbuild-volumes/2.6.0/apps/temp_humidity/esp8266/build_contexts/build_ctx_273210690/libs/vfs-common/src/esp8266/esp_fs.c /fwbuild-volumes/2.6.0/apps/temp_humidity/esp8266/build_contexts/build_ctx_273210690/libs/vfs-common/src/esp8266/esp_vfs_dev_sysflash.c /fwbuild-volumes/2.6.0/apps/temp_humidity/esp8266/build_contexts/build_ctx_273210690/libs/vfs-dev-part/src/mgos_vfs_dev_part.c /fwbuild-volumes/2.6.0/apps/temp_humidity/esp8266/build_contexts/build_ctx_273210690/libs/vfs-fs-spiffs/src/mgos_vfs_fs_spiffs.c /fwbuild-volumes/2.6.0/apps/temp_humidity/esp8266/build_contexts/build_ctx_273210690/libs/vfs-fs-spiffs/src/spiffs/spiffs_cache.c /fwbuild-volumes/2.6.0/apps/temp_humidity/esp8266/build_contexts/build_ctx_273210690/libs/vfs-fs-spiffs/src/spiffs/spiffs_check.c /fwbuild-volumes/2.6.0/apps/temp_humidity/esp8266/build_contexts/build_ctx_273210690/libs/vfs-fs-spiffs/src/spiffs/spiffs_gc.c /fwbuild-volumes/2.6.0/apps/temp_humidity/esp8266/build_contexts/build_ctx_273210690/libs/vfs-fs-spiffs/src/spiffs/spiffs_hydrogen.c /fwbuild-volumes/2.6.0/apps/temp_humidity/esp8266/build_contexts/build_ctx_273210690/libs/vfs-fs-spiffs/src/spiffs/spiffs_nucleus.c /fwbuild-volumes/2.6.0/apps/temp_humidity/esp8266/build_contexts/build_ctx_273210690/libs/core/src/mgos_core.c /fwbuild-volumes/2.6.0/apps/temp_humidity/esp8266/build_contexts/build_ctx_273210690/libs/core/src/esp8266/esp_rboot.c /fwbuild-volumes/2.6.0/apps/temp_humidity/esp8266/build_contexts/build_ctx_273210690/libs/mqtt/src/mgos_mqtt.c /fwbuild-volumes/2.6.0/apps/temp_humidity/esp8266/build_contexts/build_ctx_273210690/libs/shadow/src/mgos_shadow.c /fwbuild-volumes/2.6.0/apps/temp_humidity/esp8266/build_contexts/build_ctx_273210690/libs/aws/src/mgos_aws.c /fwbuild-volumes/2.6.0/apps/temp_humidity/esp8266/build_contexts/build_ctx_273210690/libs/aws/src/mgos_aws_greengrass.c /fwbuild-volumes/2.6.0/apps/temp_humidity/esp8266/build_contexts/build_ctx_273210690/libs/aws/src/mgos_aws_shadow.c /fwbuild-volumes/2.6.0/apps/temp_humidity/esp8266/build_contexts/build_ctx_273210690/libs/ota-common/src/mgos_updater_common.c /fwbuild-volumes/2.6.0/apps/temp_humidity/esp8266/build_contexts/build_ctx_273210690/libs/ota-common/src/esp8266/esp_updater.c /fwbuild-volumes/2.6.0/apps/temp_humidity/esp8266/build_contexts/build_ctx_273210690/libs/rpc-common/src/mg_rpc/mg_rpc.c /fwbuild-volumes/2.6.0/apps/temp_humidity/esp8266/build_contexts/build_ctx_273210690/libs/rpc-common/src/mg_rpc/mg_rpc_channel.c /fwbuild-volumes/2.6.0/apps/temp_humidity/esp8266/build_contexts/build_ctx_273210690/libs/rpc-common/src/mg_rpc/mg_rpc_channel_http.c /fwbuild-volumes/2.6.0/apps/temp_humidity/esp8266/build_contexts/build_ctx_273210690/libs/rpc-common/src/mg_rpc/mg_rpc_channel_ws.c /fwbuild-volumes/2.6.0/apps/temp_humidity/esp8266/build_contexts/build_ctx_273210690/libs/rpc-common/src/mgos_rpc.c /fwbuild-volumes/2.6.0/apps/temp_humidity/esp8266/build_contexts/build_ctx_273210690/libs/dht/src/mgos_dht.c /fwbuild-volumes/2.6.0/apps/temp_humidity/esp8266/build_contexts/build_ctx_273210690/libs/http-server/src/mgos_http_server.c /fwbuild-volumes/2.6.0/apps/temp_humidity/esp8266/build_contexts/build_ctx_273210690/libs/rpc-service-config/src/mgos_service_config.c /fwbuild-volumes/2.6.0/apps/temp_humidity/esp8266/build_contexts/build_ctx_273210690/libs/rpc-service-fs/src/mgos_service_filesystem.c /fwbuild-volumes/2.6.0/apps/temp_humidity/esp8266/build_contexts/build_ctx_273210690/libs/rpc-uart/src/mgos_rpc_channel_uart.c /fwbuild-volumes/2.6.0/apps/temp_humidity/esp8266/build_contexts/build_ctx_273210690/libs/sntp/src/mgos_sntp.c /fwbuild-volumes/2.6.0/apps/temp_humidity/esp8266/build_contexts/build_ctx_273210690/libs/wifi/src/mgos_wifi.c /fwbuild-volumes/2.6.0/apps/temp_humidity/esp8266/build_contexts/build_ctx_273210690/libs/wifi/src/mjs_wifi.c /fwbuild-volumes/2.6.0/apps/temp_humidity/esp8266/build_contexts/build_ctx_273210690/libs/wifi/esp8266/src/esp_wifi.c' 'APP_VERSION=1.0' 'BOARD=' 'BUILD_DIR=/fwbuild-volumes/2.6.0/apps/temp_humidity/esp8266/build_contexts/build_ctx_273210690/build/objs' 'FFI_SYMBOLS=' 'FS_STAGING_DIR=/fwbuild-volumes/2.6.0/apps/temp_humidity/esp8266/build_contexts/build_ctx_273210690/build/fs' 'FW_DIR=/fwbuild-volumes/2.6.0/apps/temp_humidity/esp8266/build_contexts/build_ctx_273210690/build/fw' 'GEN_DIR=/fwbuild-volumes/2.6.0/apps/temp_humidity/esp8266/build_contexts/build_ctx_273210690/build/gen' 'MANIFEST_FINAL=/fwbuild-volumes/2.6.0/apps/temp_humidity/esp8266/build_contexts/build_ctx_273210690/build/gen/mos_final.yml' 'MGOS_ENABLE_I2C_GPIO=1' 'MGOS_HAVE_ATCA=1' 'MGOS_HAVE_AWS=1' 'MGOS_HAVE_CA_BUNDLE=1' 'MGOS_HAVE_CORE=1' 'MGOS_HAVE_DASH=1' 'MGOS_HAVE_DHT=1' 'MGOS_HAVE_HTTP_SERVER=1' 'MGOS_HAVE_I2C=1' 'MGOS_HAVE_MBEDTLS=1' 'MGOS_HAVE_MONGOOSE=1' 'MGOS_HAVE_MQTT=1' 'MGOS_HAVE_OTA_COMMON=1' 'MGOS_HAVE_OTA_HTTP_CLIENT=1' 'MGOS_HAVE_OTA_HTTP_SERVER=1' 'MGOS_HAVE_OTA_SHADOW=1' 'MGOS_HAVE_RPC_COMMON=1' 'MGOS_HAVE_RPC_SERVICE_CONFIG=1' 'MGOS_HAVE_RPC_SERVICE_FS=1' 'MGOS_HAVE_RPC_UART=1' 'MGOS_HAVE_SHADOW=1' 'MGOS_HAVE_SNTP=1' 'MGOS_HAVE_VFS_COMMON=1' 'MGOS_HAVE_VFS_DEV_PART=1' 'MGOS_HAVE_VFS_FS_SPIFFS=1' 'MGOS_HAVE_WIFI=1' 'MGOS_HAVE_ZZ_BOARDS=1' 'MGOS_PATH=/mongoose-os' 'MGOS_WIFI_ENABLE_AP_STA=1' 'PLATFORM=esp8266'
make: Entering directory '/app'
  CC    /fwbuild-volumes/2.6.0/apps/temp_humidity/esp8266/build_contexts/build_ctx_273210690/src/main.c
  GEN   /fwbuild-volumes/2.6.0/apps/temp_humidity/esp8266/build_contexts/build_ctx_273210690/build/gen/build_info.c
fatal: not a git repository (or any parent up to mount point /)
Stopping at filesystem boundary (GIT_DISCOVERY_ACROSS_FILESYSTEM not set).
  CC    /fwbuild-volumes/2.6.0/apps/temp_humidity/esp8266/build_contexts/build_ctx_273210690/build/gen/build_info.c
  LD    /fwbuild-volumes/2.6.0/apps/temp_humidity/esp8266/build_contexts/build_ctx_273210690/build/objs/temp_humidity.elf
  FW    /fwbuild-volumes/2.6.0/apps/temp_humidity/esp8266/build_contexts/build_ctx_273210690/build/objs/temp_humidity.elf -> /fwbuild-volumes/2.6.0/apps/temp_humidity/esp8266/build_contexts/build_ctx_273210690/build/objs/temp_humidity.bin
  Generating breakdown
  GEN    /fwbuild-volumes/2.6.0/apps/temp_humidity/esp8266/build_contexts/build_ctx_273210690/build/objs/fw_temp/manifest.json
  ZIP    /fwbuild-volumes/2.6.0/apps/temp_humidity/esp8266/build_contexts/build_ctx_273210690/build/fw/temp_humidity-esp8266-last.zip
     Adding /fwbuild-volumes/2.6.0/apps/temp_humidity/esp8266/build_contexts/build_ctx_273210690/build/objs/fw_temp/esp_init_data_default_v08.bin
     Adding /fwbuild-volumes/2.6.0/apps/temp_humidity/esp8266/build_contexts/build_ctx_273210690/build/objs/fw_temp/fs.bin
     Adding /fwbuild-volumes/2.6.0/apps/temp_humidity/esp8266/build_contexts/build_ctx_273210690/build/objs/fw_temp/rboot.bin
     Adding /fwbuild-volumes/2.6.0/apps/temp_humidity/esp8266/build_contexts/build_ctx_273210690/build/objs/fw_temp/temp_humidity.bin
  Built temp_humidity/esp8266 version 1.0 (20181114-180951)
make: Leaving directory '/app'
Success, built temp_humidity/esp8266 version 1.0 (20181114-180951).
Firmware saved to build/fw.zip
